2022-11-10T01:19:47+00:00 DEBUG POST: https://business-api.tiktok.com/open_api/v1.2/tbp/business_profile/store/update/

{"business_platform":"WOO_COMMERCE","external_business_id":"tt4b_woocommerce_636badad20297","net_gmv":[{"interval":"LIFETIME","max":237000,"min":237000,"unit":"CURRENCY"}],"net_order_count":[{"interval":"LIFETIME","max":1,"min":1,"unit":"COUNT"}],"tenure":{"min":4,"max":4,"unit":"DAYS"},"extra_data":"{\"version\":\"1.0.11\"}"}

2022-11-10T01:19:47+00:00 DEBUG Tt4b_Mapi_Class::mapi_post: Response: 

HTTP/1.1 200 OK
Server: nginx
Content-Type: application/json; charset=utf-8
Content-Length: 103
X-Api-Deprecation-Info: API for Business Version 1.3 is now live. To avoid disruption to your business, we recommend you migrate all calls to v1.3 as soon as possible. Please visit our migration guide for more details: https://ads.tiktok.com/marketing_api/docs?id=1740029169927169
X-Domain-Change-Info: We have moved to the new domain business-api.tiktok.com for API services after the Platform Upgrade on 09/30/2021. Please update all of your requests with the new domain if you haven't done so already. For more information, please visit https://ads.tiktok.com/marketing_api/docs?rid=esb88xalm6m&id=1709207085043713
X-Tt-Logid: 20221110011947010251069140275EB536
x-tt-trace-host: 01e659dde008be1c6d52651860a6e15e54f85c2b026d43cff4c64cb3044e1dec6bd381305c4d22851ae97a58a020d7029db3bc0ebd7bd4339096fc4aff24778de2283a6cbdb39e54c70e42d4d84c44d0b452d73eed1371147aac66cbb3c9c61583
X-Origin-Response-Time: 16,23.48.107.55
X-Akamai-Request-ID: 5a1ba816.2415b650
Expires: Thu, 10 Nov 2022 01:19:47 GMT
Cache-Control: max-age=0, no-cache, no-store
Pragma: no-cache
Date: Thu, 10 Nov 2022 01:19:47 GMT
X-Cache: TCP_MISS from a27-77-82-149.deploy.akamaitechnologies.com (AkamaiGHost/10.10.1-44825277) (-)
Connection: close
X-Cache-Remote: TCP_MISS from a23-48-107-55.deploy.akamaitechnologies.com (AkamaiGHost/10.10.1-44825277) (-)
x-tt-trace-tag: id=16;cdn-cache=miss;type=dyn
Server-Timing: cdn-cache; desc=MISS, edge; dur=46, origin; dur=16
Server-Timing: inner; dur=4
X-Parent-Response-Time: 62,27.77.82.149

{"code":40104,"message":"The access_token is empty.","request_id":"20221110011947010251069140275EB536"}

2022-11-10T01:56:49+00:00 DEBUG Tt4b_Pixel_Class::inject_add_to_cart_event: hit injectAddToCartEvent
2022-11-10T01:56:49+00:00 DEBUG Tt4b_Pixel_Class::inject_add_to_cart_event: Missing option "access_token"
2022-11-10T01:57:09+00:00 DEBUG Tt4b_Pixel_Class::inject_start_checkout: hit injectStartCheckout
2022-11-10T01:57:09+00:00 DEBUG Tt4b_Pixel_Class::inject_start_checkout: Missing option "access_token"
2022-11-10T02:02:56+00:00 DEBUG Tt4b_Pixel_Class::inject_add_to_cart_event: hit injectAddToCartEvent
2022-11-10T02:02:56+00:00 DEBUG Tt4b_Pixel_Class::inject_add_to_cart_event: Missing option "access_token"
2022-11-10T02:03:11+00:00 DEBUG Tt4b_Pixel_Class::inject_start_checkout: hit injectStartCheckout
2022-11-10T02:03:11+00:00 DEBUG Tt4b_Pixel_Class::inject_start_checkout: Missing option "access_token"
2022-11-10T02:04:18+00:00 DEBUG Tt4b_Pixel_Class::inject_start_checkout: hit injectStartCheckout
2022-11-10T02:04:18+00:00 DEBUG Tt4b_Pixel_Class::inject_start_checkout: Missing option "access_token"
2022-11-10T02:12:06+00:00 DEBUG Tt4b_Pixel_Class::inject_start_checkout: hit injectStartCheckout
2022-11-10T02:12:06+00:00 DEBUG Tt4b_Pixel_Class::inject_start_checkout: Missing option "access_token"
2022-11-10T05:53:23+00:00 DEBUG Tt4b_Pixel_Class::inject_start_checkout: hit injectStartCheckout
2022-11-10T05:53:23+00:00 DEBUG Tt4b_Pixel_Class::inject_start_checkout: Missing option "access_token"
2022-11-10T06:18:02+00:00 DEBUG tt4b_product_sync: missing access token for tt4b_product_sync
